2021-03-29 09:45:40 上午 [Thread: main][ Class:demo.Test11 >> Method: demo.Test11.lambda$test$0(Test11.java:35) ]
INFO:每行的内容：SkeyeduUser{id=1, userCode='null', loginName='李', userName='项目经理', password='12345689', sex=2, identityCode='123132313', email='hello@qq.com', mobile='131322131', type=1}
2021-03-29 09:45:40 上午 [Thread: main][ Class:demo.Test11 >> Method: demo.Test11.lambda$test$0(Test11.java:35) ]
INFO:每行的内容：SkeyeduUser{id=2, userCode='null', loginName='admin', userName='系统管理员', password='e10adc3949ba59abbe56e057f20f883e', sex=1, identityCode='130406198302141869', email='hello11@bdqn.com', mobile='1583233515', type=1}
2021-03-29 09:45:40 上午 [Thread: main][ Class:demo.Test11 >> Method: demo.Test11.lambda$test$0(Test11.java:35) ]
INFO:每行的内容：SkeyeduUser{id=10, userCode='null', loginName='cgn', userName='程广宁', password='e10adc3949ba59abbe56e057f20f883e', sex=1, identityCode='140225189987854589', email='1044732267@qq.com', mobile='13366055011', type=0}
2021-03-29 09:45:40 上午 [Thread: main][ Class:demo.Test11 >> Method: demo.Test11.lambda$test$0(Test11.java:35) ]
INFO:每行的内容：SkeyeduUser{id=11, userCode='null', loginName='hyl', userName='韩语良', password='e10adc3949ba59abbe56e057f20f883e', sex=1, identityCode='140225198874584539', email='1044732267@qq.com', mobile='13366055010', type=0}
2021-03-29 09:45:40 上午 [Thread: main][ Class:demo.Test11 >> Method: demo.Test11.lambda$test$0(Test11.java:35) ]
INFO:每行的内容：SkeyeduUser{id=12, userCode='null', loginName='ck', userName='陈康', password='e10adc3949ba59abbe56e057f20f883e', sex=1, identityCode='140225189987854589', email='1044732267@qq.com', mobile='13366055010', type=0}
2021-03-29 09:45:40 上午 [Thread: main][ Class:demo.Test11 >> Method: demo.Test11.lambda$test$0(Test11.java:35) ]
INFO:每行的内容：SkeyeduUser{id=13, userCode='null', loginName='kys', userName='康有沈', password='e10adc3949ba59abbe56e057f20f883e', sex=1, identityCode='1402251985512541525', email='1044732267@qq.com', mobile='13366055010', type=0}
2021-03-29 09:45:40 上午 [Thread: main][ Class:demo.Test11 >> Method: demo.Test11.lambda$test$0(Test11.java:35) ]
INFO:每行的内容：SkeyeduUser{id=14, userCode='null', loginName='sb', userName='沈白', password='e10adc3949ba59abbe56e057f20f883e', sex=1, identityCode='140225158987854589', email='1044732267@qq.com', mobile='13366055010', type=0}
2021-03-29 09:45:40 上午 [Thread: main][ Class:demo.Test11 >> Method: demo.Test11.lambda$test$0(Test11.java:35) ]
INFO:每行的内容：SkeyeduUser{id=15, userCode='null', loginName='lb', userName='李白', password='e10adc3949ba59abbe56e057f20f883e', sex=1, identityCode='140225189987854589', email='10447322658@qq.com', mobile='1336998554', type=0}
2021-03-29 09:45:40 上午 [Thread: main][ Class:demo.Test11 >> Method: demo.Test11.lambda$test$0(Test11.java:35) ]
INFO:每行的内容：SkeyeduUser{id=16, userCode='null', loginName='lgw', userName='李高伟', password='e10adc3949ba59abbe56e057f20f883e', sex=1, identityCode='140225189987854589', email='1011322658@qq.com', mobile='1336998554', type=0}
2021-03-29 09:45:40 上午 [Thread: main][ Class:demo.Test11 >> Method: demo.Test11.lambda$test$0(Test11.java:35) ]
INFO:每行的内容：SkeyeduUser{id=18, userCode='null', loginName='shangzezhong', userName='尚泽忠', password='4297f44b13955235245b2497399d7a93', sex=1, identityCode='140225198810013745', email='1044888844@qq.com', mobile='13366528458', type=0}
2021-03-29 10:02:47 上午 [Thread: main][ Class:demo.Test11 >> Method: demo.Test11.lambda$getUserListByUserName$1(Test11.java:51) ]
INFO:每行的内容：SkeyeduUser{id=12, userCode='null', loginName='ck', userName='陈康', password='e10adc3949ba59abbe56e057f20f883e', sex=1, identityCode='140225189987854589', email='1044732267@qq.com', mobile='13366055010', type=0}
2021-03-29 10:08:07 上午 [Thread: main][ Class:demo.Test11 >> Method: demo.Test11.lambda$getUserListByUserName$1(Test11.java:51) ]
INFO:每行的内容：SkeyeduUser{id=15, userCode='null', loginName='lb', userName='李白', password='e10adc3949ba59abbe56e057f20f883e', sex=1, identityCode='140225189987854589', email='10447322658@qq.com', mobile='1336998554', type=0}
2021-03-29 10:08:07 上午 [Thread: main][ Class:demo.Test11 >> Method: demo.Test11.lambda$getUserListByUserName$1(Test11.java:51) ]
INFO:每行的内容：SkeyeduUser{id=16, userCode='null', loginName='lgw', userName='李高伟', password='e10adc3949ba59abbe56e057f20f883e', sex=1, identityCode='140225189987854589', email='1011322658@qq.com', mobile='1336998554', type=0}
